Rendering to 1024x1024 image
Loaded scene with 10000 circles
---------------------------------------------------------
Initializing CUDA for CudaRenderer
Found 1 CUDA devices
Device 0: NVIDIA T4G
   SMs:        40
   Global mem: 14918 MB
   CUDA Cap:   7.5
---------------------------------------------------------
WARNING: You're not running on a fast GPU, please consider using NVIDIA GTX 480, 670 or 780.
---------------------------------------------------------

Running benchmark, 4 frames, beginning at frame 0 ...
Dumping frames to logs/output_xxx.ppm
Copying image data from device
Wrote image file logs/output_0000.ppm
Copying image data from device
Wrote image file logs/output_0001.ppm
Copying image data from device
Wrote image file logs/output_0002.ppm
Copying image data from device
Wrote image file logs/output_0003.ppm
Clear:    0.1069 ms
Advance:  0.0019 ms
Render:   14.9861 ms
Total:    15.0949 ms
File IO:  84.7172 ms

Overall:  0.3993 sec (note units are seconds)
